{"/home/joao/Documentos/Faculdade/semestre5/web/fast-burger/backend/knexfile.ts": {"path":"/home/joao/Documentos/Faculdade/semestre5/web/fast-burger/backend/knexfile.ts","statementMap":{"0":{"start":{"line":1,"column":0},"end":{"line":1,"column":24}},"1":{"start":{"line":2,"column":0},"end":{"line":2,"column":27}},"2":{"start":{"line":4,"column":0},"end":{"line":33,"column":2}}},"fnMap":{},"branchMap":{},"s":{"0":1,"1":1,"2":1},"f":{},"b":{}}
,"/home/joao/Documentos/Faculdade/semestre5/web/fast-burger/backend/src/routes.ts": {"path":"/home/joao/Documentos/Faculdade/semestre5/web/fast-burger/backend/src/routes.ts","statementMap":{"0":{"start":{"line":1,"column":0},"end":{"line":1,"column":33}},"1":{"start":{"line":2,"column":0},"end":{"line":2,"column":66}},"2":{"start":{"line":4,"column":15},"end":{"line":4,"column":23}},"3":{"start":{"line":8,"column":9},"end":{"line":8,"column":15}},"4":{"start":{"line":6,"column":0},"end":{"line":6,"column":48}}},"fnMap":{},"branchMap":{},"s":{"0":1,"1":1,"2":1,"3":1,"4":1},"f":{},"b":{}}
,"/home/joao/Documentos/Faculdade/semestre5/web/fast-burger/backend/src/server.ts": {"path":"/home/joao/Documentos/Faculdade/semestre5/web/fast-burger/backend/src/server.ts","statementMap":{"0":{"start":{"line":1,"column":0},"end":{"line":1,"column":30}},"1":{"start":{"line":2,"column":0},"end":{"line":2,"column":34}},"2":{"start":{"line":3,"column":0},"end":{"line":3,"column":24}},"3":{"start":{"line":4,"column":0},"end":{"line":6,"column":3}},"4":{"start":{"line":8,"column":12},"end":{"line":8,"column":21}},"5":{"start":{"line":22,"column":9},"end":{"line":22,"column":12}},"6":{"start":{"line":9,"column":13},"end":{"line":9,"column":29}},"7":{"start":{"line":11,"column":0},"end":{"line":11,"column":16}},"8":{"start":{"line":13,"column":0},"end":{"line":13,"column":24}},"9":{"start":{"line":14,"column":0},"end":{"line":14,"column":16}},"10":{"start":{"line":16,"column":0},"end":{"line":20,"column":null}},"11":{"start":{"line":17,"column":2},"end":{"line":19,"column":5}},"12":{"start":{"line":18,"column":4},"end":{"line":18,"column":37}}},"fnMap":{"0":{"name":"(anonymous_1)","decl":{"start":{"line":17,"column":19},"end":{"line":17,"column":null}},"loc":{"start":{"line":17,"column":19},"end":{"line":19,"column":3}}}},"branchMap":{"0":{"loc":{"start":{"line":5,"column":42},"end":{"line":5,"column":56}},"type":"cond-expr","locations":[{"start":{"line":5,"column":42},"end":{"line":5,"column":56}},{"start":{"line":5,"column":59},"end":{"line":5,"column":65}}]},"1":{"loc":{"start":{"line":16,"column":0},"end":{"line":20,"column":null}},"type":"if","locations":[{"start":{"line":16,"column":0},"end":{"line":20,"column":null}},{"start":{"line":16,"column":0},"end":{"line":20,"column":null}}]}},"s":{"0":1,"1":1,"2":1,"3":1,"4":1,"5":1,"6":1,"7":1,"8":1,"9":1,"10":1,"11":0,"12":0},"f":{"0":0},"b":{"0":[1,0],"1":[0,1]}}
,"/home/joao/Documentos/Faculdade/semestre5/web/fast-burger/backend/src/controllers/clientController.ts": {"path":"/home/joao/Documentos/Faculdade/semestre5/web/fast-burger/backend/src/controllers/clientController.ts","statementMap":{"0":{"start":{"line":2,"column":0},"end":{"line":2,"column":48}},"1":{"start":{"line":3,"column":0},"end":{"line":3,"column":35}},"2":{"start":{"line":5,"column":13},"end":{"line":23,"column":2}},"3":{"start":{"line":7,"column":10},"end":{"line":7,"column":28}},"4":{"start":{"line":10,"column":19},"end":{"line":15,"column":null}},"5":{"start":{"line":10,"column":13},"end":{"line":10,"column":19}},"6":{"start":{"line":17,"column":6},"end":{"line":17,"column":42}},"7":{"start":{"line":20,"column":6},"end":{"line":20,"column":27}}},"fnMap":{"0":{"name":"(anonymous_14)","decl":{"start":{"line":6,"column":2},"end":{"line":6,"column":8}},"loc":{"start":{"line":6,"column":42},"end":{"line":22,"column":null}}}},"branchMap":{},"s":{"0":1,"1":1,"2":1,"3":1,"4":1,"5":1,"6":1,"7":0},"f":{"0":1},"b":{}}
,"/home/joao/Documentos/Faculdade/semestre5/web/fast-burger/backend/src/database/connection.ts": {"path":"/home/joao/Documentos/Faculdade/semestre5/web/fast-burger/backend/src/database/connection.ts","statementMap":{"0":{"start":{"line":1,"column":0},"end":{"line":1,"column":24}},"1":{"start":{"line":2,"column":22},"end":{"line":2,"column":47}},"2":{"start":{"line":3,"column":0},"end":{"line":3,"column":27}},"3":{"start":{"line":5,"column":15},"end":{"line":5,"column":94}},"4":{"start":{"line":7,"column":19},"end":{"line":7,"column":31}},"5":{"start":{"line":9,"column":0},"end":{"line":9,"column":26}}},"fnMap":{},"branchMap":{"0":{"loc":{"start":{"line":5,"column":48},"end":{"line":5,"column":66}},"type":"cond-expr","locations":[{"start":{"line":5,"column":48},"end":{"line":5,"column":66}},{"start":{"line":5,"column":69},"end":{"line":5,"column":94}}]}},"s":{"0":1,"1":1,"2":1,"3":1,"4":1,"5":1},"f":{},"b":{"0":[1,0]}}
,"/home/joao/Documentos/Faculdade/semestre5/web/fast-burger/backend/src/database/migrations/20210713221921_create_ingredients.ts": {"path":"/home/joao/Documentos/Faculdade/semestre5/web/fast-burger/backend/src/database/migrations/20210713221921_create_ingredients.ts","statementMap":{"0":{"start":{"line":5,"column":2},"end":{"line":10,"column":null}},"1":{"start":{"line":6,"column":4},"end":{"line":6,"column":62}},"2":{"start":{"line":7,"column":4},"end":{"line":7,"column":39}},"3":{"start":{"line":8,"column":4},"end":{"line":8,"column":42}},"4":{"start":{"line":9,"column":4},"end":{"line":9,"column":39}},"5":{"start":{"line":4,"column":0},"end":{"line":4,"column":22}},"6":{"start":{"line":15,"column":2},"end":{"line":15,"column":46}},"7":{"start":{"line":14,"column":0},"end":{"line":14,"column":22}}},"fnMap":{"0":{"name":"up","decl":{"start":{"line":4,"column":22},"end":{"line":4,"column":24}},"loc":{"start":{"line":4,"column":35},"end":{"line":11,"column":null}}},"1":{"name":"(anonymous_16)","decl":{"start":{"line":5,"column":48},"end":{"line":5,"column":53}},"loc":{"start":{"line":5,"column":53},"end":{"line":10,"column":3}}},"2":{"name":"down","decl":{"start":{"line":14,"column":22},"end":{"line":14,"column":26}},"loc":{"start":{"line":14,"column":37},"end":{"line":16,"column":null}}}},"branchMap":{},"s":{"0":1,"1":1,"2":1,"3":1,"4":1,"5":1,"6":1,"7":1},"f":{"0":1,"1":1,"2":1},"b":{}}
,"/home/joao/Documentos/Faculdade/semestre5/web/fast-burger/backend/src/database/migrations/20210713222334_create_client.ts": {"path":"/home/joao/Documentos/Faculdade/semestre5/web/fast-burger/backend/src/database/migrations/20210713222334_create_client.ts","statementMap":{"0":{"start":{"line":5,"column":2},"end":{"line":9,"column":null}},"1":{"start":{"line":6,"column":4},"end":{"line":6,"column":54}},"2":{"start":{"line":7,"column":4},"end":{"line":7,"column":39}},"3":{"start":{"line":8,"column":4},"end":{"line":8,"column":40}},"4":{"start":{"line":4,"column":0},"end":{"line":4,"column":22}},"5":{"start":{"line":14,"column":2},"end":{"line":14,"column":42}},"6":{"start":{"line":13,"column":0},"end":{"line":13,"column":22}}},"fnMap":{"0":{"name":"up","decl":{"start":{"line":4,"column":22},"end":{"line":4,"column":24}},"loc":{"start":{"line":4,"column":35},"end":{"line":10,"column":null}}},"1":{"name":"(anonymous_16)","decl":{"start":{"line":5,"column":44},"end":{"line":5,"column":49}},"loc":{"start":{"line":5,"column":49},"end":{"line":9,"column":3}}},"2":{"name":"down","decl":{"start":{"line":13,"column":22},"end":{"line":13,"column":26}},"loc":{"start":{"line":13,"column":37},"end":{"line":15,"column":null}}}},"branchMap":{},"s":{"0":1,"1":1,"2":1,"3":1,"4":1,"5":1,"6":1},"f":{"0":1,"1":1,"2":1},"b":{}}
,"/home/joao/Documentos/Faculdade/semestre5/web/fast-burger/backend/src/database/migrations/20210713222731_create_request.ts": {"path":"/home/joao/Documentos/Faculdade/semestre5/web/fast-burger/backend/src/database/migrations/20210713222731_create_request.ts","statementMap":{"0":{"start":{"line":5,"column":2},"end":{"line":9,"column":null}},"1":{"start":{"line":6,"column":4},"end":{"line":6,"column":55}},"2":{"start":{"line":7,"column":4},"end":{"line":7,"column":83}},"3":{"start":{"line":8,"column":4},"end":{"line":8,"column":41}},"4":{"start":{"line":4,"column":0},"end":{"line":4,"column":22}},"5":{"start":{"line":14,"column":2},"end":{"line":14,"column":43}},"6":{"start":{"line":13,"column":0},"end":{"line":13,"column":22}}},"fnMap":{"0":{"name":"up","decl":{"start":{"line":4,"column":22},"end":{"line":4,"column":24}},"loc":{"start":{"line":4,"column":35},"end":{"line":10,"column":null}}},"1":{"name":"(anonymous_16)","decl":{"start":{"line":5,"column":45},"end":{"line":5,"column":50}},"loc":{"start":{"line":5,"column":50},"end":{"line":9,"column":3}}},"2":{"name":"down","decl":{"start":{"line":13,"column":22},"end":{"line":13,"column":26}},"loc":{"start":{"line":13,"column":37},"end":{"line":15,"column":null}}}},"branchMap":{},"s":{"0":1,"1":1,"2":1,"3":1,"4":1,"5":1,"6":1},"f":{"0":1,"1":1,"2":1},"b":{}}
,"/home/joao/Documentos/Faculdade/semestre5/web/fast-burger/backend/src/database/migrations/20210713223154_create_client_request.ts": {"path":"/home/joao/Documentos/Faculdade/semestre5/web/fast-burger/backend/src/database/migrations/20210713223154_create_client_request.ts","statementMap":{"0":{"start":{"line":5,"column":2},"end":{"line":12,"column":5}},"1":{"start":{"line":6,"column":4},"end":{"line":6,"column":66}},"2":{"start":{"line":7,"column":4},"end":{"line":7,"column":44}},"3":{"start":{"line":8,"column":4},"end":{"line":8,"column":45}},"4":{"start":{"line":10,"column":4},"end":{"line":10,"column":74}},"5":{"start":{"line":11,"column":4},"end":{"line":11,"column":77}},"6":{"start":{"line":4,"column":0},"end":{"line":4,"column":22}},"7":{"start":{"line":17,"column":2},"end":{"line":17,"column":50}},"8":{"start":{"line":16,"column":0},"end":{"line":16,"column":22}}},"fnMap":{"0":{"name":"up","decl":{"start":{"line":4,"column":22},"end":{"line":4,"column":24}},"loc":{"start":{"line":4,"column":35},"end":{"line":13,"column":null}}},"1":{"name":"(anonymous_16)","decl":{"start":{"line":5,"column":52},"end":{"line":5,"column":57}},"loc":{"start":{"line":5,"column":57},"end":{"line":12,"column":3}}},"2":{"name":"down","decl":{"start":{"line":16,"column":22},"end":{"line":16,"column":26}},"loc":{"start":{"line":16,"column":37},"end":{"line":18,"column":null}}}},"branchMap":{},"s":{"0":1,"1":1,"2":1,"3":1,"4":1,"5":1,"6":1,"7":1,"8":1},"f":{"0":1,"1":1,"2":1},"b":{}}
,"/home/joao/Documentos/Faculdade/semestre5/web/fast-burger/backend/src/database/migrations/20210713223211_create_request_ingredients.ts": {"path":"/home/joao/Documentos/Faculdade/semestre5/web/fast-burger/backend/src/database/migrations/20210713223211_create_request_ingredients.ts","statementMap":{"0":{"start":{"line":5,"column":2},"end":{"line":12,"column":null}},"1":{"start":{"line":6,"column":4},"end":{"line":6,"column":71}},"2":{"start":{"line":7,"column":4},"end":{"line":7,"column":45}},"3":{"start":{"line":8,"column":4},"end":{"line":8,"column":49}},"4":{"start":{"line":10,"column":4},"end":{"line":10,"column":55}},"5":{"start":{"line":11,"column":4},"end":{"line":11,"column":61}},"6":{"start":{"line":4,"column":0},"end":{"line":4,"column":22}},"7":{"start":{"line":17,"column":2},"end":{"line":17,"column":54}},"8":{"start":{"line":16,"column":0},"end":{"line":16,"column":22}}},"fnMap":{"0":{"name":"up","decl":{"start":{"line":4,"column":22},"end":{"line":4,"column":24}},"loc":{"start":{"line":4,"column":35},"end":{"line":13,"column":null}}},"1":{"name":"(anonymous_16)","decl":{"start":{"line":5,"column":56},"end":{"line":5,"column":61}},"loc":{"start":{"line":5,"column":61},"end":{"line":12,"column":3}}},"2":{"name":"down","decl":{"start":{"line":16,"column":22},"end":{"line":16,"column":26}},"loc":{"start":{"line":16,"column":37},"end":{"line":18,"column":null}}}},"branchMap":{},"s":{"0":1,"1":1,"2":1,"3":1,"4":1,"5":1,"6":1,"7":1,"8":1},"f":{"0":1,"1":1,"2":1},"b":{}}
}
