TN:
SF:knexfile.ts
FNF:0
FNH:0
DA:1,1
DA:2,1
DA:4,1
LF:3
LH:3
BRF:0
BRH:0
end_of_record
TN:
SF:src/routes.ts
FNF:0
FNH:0
DA:1,1
DA:2,1
DA:4,1
DA:6,1
DA:8,1
LF:5
LH:5
BRF:0
BRH:0
end_of_record
TN:
SF:src/server.ts
FN:17,(anonymous_1)
FNF:1
FNH:0
FNDA:0,(anonymous_1)
DA:1,1
DA:2,1
DA:3,1
DA:4,1
DA:8,1
DA:9,1
DA:11,1
DA:13,1
DA:14,1
DA:16,1
DA:17,0
DA:18,0
DA:22,1
LF:13
LH:11
BRDA:5,0,0,1
BRDA:5,0,1,0
BRDA:16,1,0,0
BRDA:16,1,1,1
BRF:4
BRH:2
end_of_record
TN:
SF:src/controllers/clientController.ts
FN:6,(anonymous_14)
FNF:1
FNH:1
FNDA:1,(anonymous_14)
DA:2,1
DA:3,1
DA:5,1
DA:7,1
DA:10,1
DA:17,1
DA:20,0
LF:7
LH:6
BRF:0
BRH:0
end_of_record
TN:
SF:src/database/connection.ts
FNF:0
FNH:0
DA:1,1
DA:2,1
DA:3,1
DA:5,1
DA:7,1
DA:9,1
LF:6
LH:6
BRDA:5,0,0,1
BRDA:5,0,1,0
BRF:2
BRH:1
end_of_record
TN:
SF:src/database/migrations/20210713221921_create_ingredients.ts
FN:4,up
FN:5,(anonymous_16)
FN:14,down
FNF:3
FNH:3
FNDA:1,up
FNDA:1,(anonymous_16)
FNDA:1,down
DA:4,1
DA:5,1
DA:6,1
DA:7,1
DA:8,1
DA:9,1
DA:14,1
DA:15,1
LF:8
LH:8
BRF:0
BRH:0
end_of_record
TN:
SF:src/database/migrations/20210713222334_create_client.ts
FN:4,up
FN:5,(anonymous_16)
FN:13,down
FNF:3
FNH:3
FNDA:1,up
FNDA:1,(anonymous_16)
FNDA:1,down
DA:4,1
DA:5,1
DA:6,1
DA:7,1
DA:8,1
DA:13,1
DA:14,1
LF:7
LH:7
BRF:0
BRH:0
end_of_record
TN:
SF:src/database/migrations/20210713222731_create_request.ts
FN:4,up
FN:5,(anonymous_16)
FN:13,down
FNF:3
FNH:3
FNDA:1,up
FNDA:1,(anonymous_16)
FNDA:1,down
DA:4,1
DA:5,1
DA:6,1
DA:7,1
DA:8,1
DA:13,1
DA:14,1
LF:7
LH:7
BRF:0
BRH:0
end_of_record
TN:
SF:src/database/migrations/20210713223154_create_client_request.ts
FN:4,up
FN:5,(anonymous_16)
FN:16,down
FNF:3
FNH:3
FNDA:1,up
FNDA:1,(anonymous_16)
FNDA:1,down
DA:4,1
DA:5,1
DA:6,1
DA:7,1
DA:8,1
DA:10,1
DA:11,1
DA:16,1
DA:17,1
LF:9
LH:9
BRF:0
BRH:0
end_of_record
TN:
SF:src/database/migrations/20210713223211_create_request_ingredients.ts
FN:4,up
FN:5,(anonymous_16)
FN:16,down
FNF:3
FNH:3
FNDA:1,up
FNDA:1,(anonymous_16)
FNDA:1,down
DA:4,1
DA:5,1
DA:6,1
DA:7,1
DA:8,1
DA:10,1
DA:11,1
DA:16,1
DA:17,1
LF:9
LH:9
BRF:0
BRH:0
end_of_record
